This is pdfTeX, Version 3.141592653-2.6-1.40.26 (TeX Live 2024/Arch Linux) (preloaded format=pdflatex 2025.1.26)  11 FEB 2025 22:22
entering extended mode
 restricted \write18 enabled.
 file:line:error style messages enabled.
 %&-line parsing enabled.
**LabReport.tex
(./LabReport.tex
LaTeX2e <2023-11-01> patch level 1
L3 programming layer <2024-02-20>
(/usr/share/texmf-dist/tex/latex/base/article.cls
Document Class: article 2023/05/17 v1.4n Standard LaTeX document class
(/usr/share/texmf-dist/tex/latex/base/size12.clo
File: size12.clo 2023/05/17 v1.4n Standard LaTeX file (size option)
)
\c@part=\count188
\c@section=\count189
\c@subsection=\count190
\c@subsubsection=\count191
\c@paragraph=\count192
\c@subparagraph=\count193
\c@figure=\count194
\c@table=\count195
\abovecaptionskip=\skip48
\belowcaptionskip=\skip49
\bibindent=\dimen140
) (/usr/share/texmf-dist/tex/latex/amsmath/amsmath.sty
Package: amsmath 2023/05/13 v2.17o AMS math features
\@mathmargin=\skip50

For additional information on amsmath, use the `?' option.
(/usr/share/texmf-dist/tex/latex/amsmath/amstext.sty
Package: amstext 2021/08/26 v2.01 AMS text
 (/usr/share/texmf-dist/tex/latex/amsmath/amsgen.sty
File: amsgen.sty 1999/11/30 v2.0 generic functions
\@emptytoks=\toks17
\ex@=\dimen141
)) (/usr/share/texmf-dist/tex/latex/amsmath/amsbsy.sty
Package: amsbsy 1999/11/29 v1.2d Bold Symbols
\pmbraise@=\dimen142
) (/usr/share/texmf-dist/tex/latex/amsmath/amsopn.sty
Package: amsopn 2022/04/08 v2.04 operator names
)
\inf@bad=\count196
LaTeX Info: Redefining \frac on input line 234.
\uproot@=\count197
\leftroot@=\count198
LaTeX Info: Redefining \overline on input line 399.
LaTeX Info: Redefining \colon on input line 410.
\classnum@=\count199
\DOTSCASE@=\count266
LaTeX Info: Redefining \ldots on input line 496.
LaTeX Info: Redefining \dots on input line 499.
LaTeX Info: Redefining \cdots on input line 620.
\Mathstrutbox@=\box51
\strutbox@=\box52
LaTeX Info: Redefining \big on input line 722.
LaTeX Info: Redefining \Big on input line 723.
LaTeX Info: Redefining \bigg on input line 724.
LaTeX Info: Redefining \Bigg on input line 725.
\big@size=\dimen143
LaTeX Font Info:    Redeclaring font encoding OML on input line 743.
LaTeX Font Info:    Redeclaring font encoding OMS on input line 744.
\macc@depth=\count267
LaTeX Info: Redefining \bmod on input line 905.
LaTeX Info: Redefining \pmod on input line 910.
LaTeX Info: Redefining \smash on input line 940.
LaTeX Info: Redefining \relbar on input line 970.
LaTeX Info: Redefining \Relbar on input line 971.
\c@MaxMatrixCols=\count268
\dotsspace@=\muskip16
\c@parentequation=\count269
\dspbrk@lvl=\count270
\tag@help=\toks18
\row@=\count271
\column@=\count272
\maxfields@=\count273
\andhelp@=\toks19
\eqnshift@=\dimen144
\alignsep@=\dimen145
\tagshift@=\dimen146
\tagwidth@=\dimen147
\totwidth@=\dimen148
\lineht@=\dimen149
\@envbody=\toks20
\multlinegap=\skip51
\multlinetaggap=\skip52
\mathdisplay@stack=\toks21
LaTeX Info: Redefining \[ on input line 2953.
LaTeX Info: Redefining \] on input line 2954.
) (/usr/share/texmf-dist/tex/latex/graphics/graphics.sty
Package: graphics 2022/03/10 v1.4e Standard LaTeX Graphics (DPC,SPQR)
 (/usr/share/texmf-dist/tex/latex/graphics/trig.sty
Package: trig 2021/08/11 v1.11 sin cos tan (DPC)
) (/usr/share/texmf-dist/tex/latex/graphics-cfg/graphics.cfg
File: graphics.cfg 2016/06/04 v1.11 sample graphics configuration
)
Package graphics Info: Driver file: pdftex.def on input line 107.
 (/usr/share/texmf-dist/tex/latex/graphics-def/pdftex.def
File: pdftex.def 2022/09/22 v1.2b Graphics/color driver for pdftex
)) (/usr/share/texmf-dist/tex/latex/graphics/graphicx.sty
Package: graphicx 2021/09/16 v1.2d Enhanced LaTeX Graphics (DPC,SPQR)
 (/usr/share/texmf-dist/tex/latex/graphics/keyval.sty
Package: keyval 2022/05/29 v1.15 key=value parser (DPC)
\KV@toks@=\toks22
)
\Gin@req@height=\dimen150
\Gin@req@width=\dimen151
) (/usr/share/texmf-dist/tex/latex/l3backend/l3backend-pdftex.def
File: l3backend-pdftex.def 2024-02-20 L3 backend support: PDF output (pdfTeX)
\l__color_backend_stack_int=\count274
\l__pdf_internal_box=\box53
) (./LabReport.aux)
\openout1 = `LabReport.aux'.

LaTeX Font Info:    Checking defaults for OML/cmm/m/it on input line 26.
LaTeX Font Info:    ... okay on input line 26.
LaTeX Font Info:    Checking defaults for OMS/cmsy/m/n on input line 26.
LaTeX Font Info:    ... okay on input line 26.
LaTeX Font Info:    Checking defaults for OT1/cmr/m/n on input line 26.
LaTeX Font Info:    ... okay on input line 26.
LaTeX Font Info:    Checking defaults for T1/cmr/m/n on input line 26.
LaTeX Font Info:    ... okay on input line 26.
LaTeX Font Info:    Checking defaults for TS1/cmr/m/n on input line 26.
LaTeX Font Info:    ... okay on input line 26.
LaTeX Font Info:    Checking defaults for OMX/cmex/m/n on input line 26.
LaTeX Font Info:    ... okay on input line 26.
LaTeX Font Info:    Checking defaults for U/cmr/m/n on input line 26.
LaTeX Font Info:    ... okay on input line 26.
 (/usr/share/texmf-dist/tex/context/base/mkii/supp-pdf.mkii
[Loading MPS to PDF converter (version 2006.09.02).]
\scratchcounter=\count275
\scratchdimen=\dimen152
\scratchbox=\box54
\nofMPsegments=\count276
\nofMParguments=\count277
\everyMPshowfont=\toks23
\MPscratchCnt=\count278
\MPscratchDim=\dimen153
\MPnumerator=\count279
\makeMPintoPDFobject=\count280
\everyMPtoPDFconversion=\toks24
) (/usr/share/texmf-dist/tex/latex/epstopdf-pkg/epstopdf-base.sty
Package: epstopdf-base 2020-01-24 v2.11 Base part for package epstopdf
Package epstopdf-base Info: Redefining graphics rule for `.eps' on input line 485.
 (/usr/share/texmf-dist/tex/latex/latexconfig/epstopdf-sys.cfg
File: epstopdf-sys.cfg 2010/07/13 v1.3 Configuration of (r)epstopdf for TeX Live
))
Underfull \vbox (badness 10000) has occurred while \output is active []

 [1{/var/lib/texmf/fonts/map/pdftex/updmap/pdftex.map}


]

LaTeX Warning: Citation `Collings' on page 2 undefined on input line 105.


LaTeX Warning: Citation `Grundmann' on page 2 undefined on input line 107.

[2]
<NPN BJT.jpg, id=19, 2252.415pt x 540.0175pt>
File: NPN BJT.jpg Graphic file (type jpg)
<use NPN BJT.jpg>
Package pdftex.def Info: NPN BJT.jpg  used on input line 126.
(pdftex.def)             Requested size: 346.88673pt x 72.26472pt.

Underfull \hbox (badness 10000) in paragraph at lines 139--140
[]\OT1/cmr/m/n/12 The sat-u-ra-tion cur-rent $\OML/cmm/m/it/12 I[]$ \OT1/cmr/m/n/12 it-self is
 []


Underfull \hbox (badness 10000) in paragraph at lines 139--140
\OT1/cmr/m/n/12 temperature-dependent and fol-lows the
 []

[3 <./NPN BJT.jpg>]

LaTeX Warning: Citation `Collings' on page 4 undefined on input line 157.


LaTeX Warning: Citation `Grundmann' on page 4 undefined on input line 172.

[4]

LaTeX Warning: Citation `Collings' on page 5 undefined on input line 178.


Underfull \hbox (badness 2856) in paragraph at lines 178--179
\OT1/cmr/m/n/12 peated with a ger-ma-nium tran-sis-tor to
 []

<Apparatus Final.jpg, id=27, 1870.99pt x 1320.935pt>
File: Apparatus Final.jpg Graphic file (type jpg)
<use Apparatus Final.jpg>
Package pdftex.def Info: Apparatus Final.jpg  used on input line 181.
(pdftex.def)             Requested size: 216.80089pt x 144.53737pt.
<2_6SiBoltz.png, id=28, 442.2924pt x 315.8199pt>
File: 2_6SiBoltz.png Graphic file (type png)
<use 2_6SiBoltz.png>
Package pdftex.def Info: 2_6SiBoltz.png  used on input line 211.
(pdftex.def)             Requested size: 234.5pt x 167.4464pt.

Overfull \hbox (5.0pt too wide) in paragraph at lines 211--212
[][] 
 []

<GeBoltz.png, id=30, 430.0065pt x 315.8199pt>
File: GeBoltz.png Graphic file (type png)
<use GeBoltz.png>
Package pdftex.def Info: GeBoltz.png  used on input line 215.
(pdftex.def)             Requested size: 234.5pt x 172.22685pt.

Overfull \hbox (5.0pt too wide) in paragraph at lines 215--216
[][] 
 []


LaTeX Warning: `h' float specifier changed to `ht'.

<linSiSatCurrent.png, id=31, 424.9476pt x 315.8199pt>
File: linSiSatCurrent.png Graphic file (type png)
<use linSiSatCurrent.png>
Package pdftex.def Info: linSiSatCurrent.png  used on input line 221.
(pdftex.def)             Requested size: 234.5pt x 174.27975pt.

Overfull \hbox (5.0pt too wide) in paragraph at lines 221--222
[][] 
 []

<linGeSatCurrent.png, id=32, 428.5611pt x 315.8199pt>
File: linGeSatCurrent.png Graphic file (type png)
<use linGeSatCurrent.png>
Package pdftex.def Info: linGeSatCurrent.png  used on input line 225.
(pdftex.def)             Requested size: 234.5pt x 172.81477pt.

Overfull \hbox (5.0pt too wide) in paragraph at lines 225--226
[][] 
 []


LaTeX Warning: `h' float specifier changed to `ht'.


LaTeX Warning: `h' float specifier changed to `ht'.


Underfull \vbox (badness 2452) has occurred while \output is active []

 [5 <./Apparatus Final.jpg> <./2_6SiBoltz.png>]
Underfull \hbox (badness 1048) in paragraph at lines 320--320
[]\OT1/cmr/bx/n/17.28 Summary and conl-cu-
 []

./LabReport.tex:337: Undefined control sequence.
l.337 \href
           {https://doi.org/10.1119/1.12172}{https://doi.org/10.1119/1.12172}
The control sequence at the end of the top line
of your error message was never \def'ed. If you have
misspelled it (e.g., `\hobx'), type `I' and the correct
spelling (e.g., `I\hbox'). Otherwise just continue,
and I'll forget about whatever was undefined.


Underfull \hbox (badness 10000) in paragraph at lines 334--338
[]\OT1/cmr/m/n/12 P. J. Collings, \OT1/cmr/m/it/12 Sim-ple mea-sure-
 []


Underfull \hbox (badness 10000) in paragraph at lines 334--338
\OT1/cmr/m/it/12 ment of the band gap in sil-i-con
 []


Underfull \hbox (badness 10000) in paragraph at lines 334--338
\OT1/cmr/m/it/12 and ger-ma-nium\OT1/cmr/m/n/12 , Amer-i-can Jour-nal
 []


Underfull \hbox (badness 6725) in paragraph at lines 334--338
\OT1/cmr/m/n/12 of Physics, \OT1/cmr/bx/n/12 48\OT1/cmr/m/n/12 (3), 197--199 (1980).
 []


Overfull \hbox (119.86304pt too wide) in paragraph at lines 334--338
\OT1/cmr/m/n/12 https://doi.org/10.1119/1.12172https://doi.org/10.1119/1.12172 
 []

./LabReport.tex:343: Undefined control sequence.
l.343 \href
           {https://doi.org/10.1007/978-3-319-23880-7}{https
The control sequence at the end of the top line
of your error message was never \def'ed. If you have
misspelled it (e.g., `\hobx'), type `I' and the correct
spelling (e.g., `I\hbox'). Otherwise just continue,
and I'll forget about whatever was undefined.


Underfull \hbox (badness 10000) in paragraph at lines 340--344
[]\OT1/cmr/m/n/12 M. Grund-mann, \OT1/cmr/m/it/12 The Physics of
 []


Underfull \hbox (badness 10000) in paragraph at lines 340--344
\OT1/cmr/m/it/12 Semi-con-duc-tors: An In-tro-duc-tion
 []


Underfull \hbox (badness 10000) in paragraph at lines 340--344
\OT1/cmr/m/it/12 In-clud-ing Nanophysics and Ap-pli-ca-
 []


Underfull \hbox (badness 10000) in paragraph at lines 340--344
\OT1/cmr/m/n/12 https://doi.org/10.1007/978-3-319-
 []

./LabReport.tex:349: Undefined control sequence.
l.349 Available: \url
                     {https://doi.org/10.26636/jtit.2010.1.1015}
The control sequence at the end of the top line
of your error message was never \def'ed. If you have
misspelled it (e.g., `\hobx'), type `I' and the correct
spelling (e.g., `I\hbox'). Otherwise just continue,
and I'll forget about whatever was undefined.


Underfull \hbox (badness 10000) in paragraph at lines 346--350
\OT1/cmr/m/it/12 mu-ni-ca-tions and In-for-ma-tion Tech-
 []


Underfull \hbox (badness 2980) in paragraph at lines 352--355
[]\OT1/cmr/m/n/12 G. W. Neudeck, \OT1/cmr/m/it/12 The Bipo-lar Junc-
 []

[6 <./GeBoltz.png> <./linSiSatCurrent.png>]
./LabReport.tex:361: Missing } inserted.
<inserted text> 
                }
l.361 \end{thebibliography}
                           
I've inserted something that you may have forgotten.
(See the <inserted text> above.)
With luck, this will get me unwedged. But if you
really didn't forget anything, try typing `2' now; then
my insertion and my current dilemma will both disappear.

[7

 <./linGeSatCurrent.png>] (./LabReport.aux)
 ***********
LaTeX2e <2023-11-01> patch level 1
L3 programming layer <2024-02-20>
 ***********


LaTeX Warning: There were undefined references.


LaTeX Warning: Label(s) may have changed. Rerun to get cross-references right.

 ) 
Here is how much of TeX's memory you used:
 2066 strings out of 476076
 31060 string characters out of 5793775
 1937187 words of memory out of 5000000
 24191 multiletter control sequences out of 15000+600000
 564878 words of font info for 60 fonts, out of 8000000 for 9000
 14 hyphenation exceptions out of 8191
 56i,8n,65p,808b,253s stack positions out of 10000i,1000n,20000p,200000b,200000s
</usr/share/texmf-dist/fonts/type1/public/amsfonts/cm/cmbx12.pfb></usr/share/texmf-dist/fonts/type1/public/amsfonts/cm/cmex10.pfb></usr/share/texmf-dist/fonts/type1/public/amsfonts/cm/cmmi12.pfb></usr/share/texmf-dist/fonts/type1/public/amsfonts/cm/cmmi6.pfb></usr/share/texmf-dist/fonts/type1/public/amsfonts/cm/cmmi8.pfb></usr/share/texmf-dist/fonts/type1/public/amsfonts/cm/cmr12.pfb></usr/share/texmf-dist/fonts/type1/public/amsfonts/cm/cmr17.pfb></usr/share/texmf-dist/fonts/type1/public/amsfonts/cm/cmr8.pfb></usr/share/texmf-dist/fonts/type1/public/amsfonts/cm/cmsy10.pfb></usr/share/texmf-dist/fonts/type1/public/amsfonts/cm/cmsy8.pfb></usr/share/texmf-dist/fonts/type1/public/amsfonts/cm/cmti12.pfb></usr/share/texmf-dist/fonts/type1/public/amsfonts/cm/cmtt12.pfb>
Output written on LabReport.pdf (7 pages, 591240 bytes).
PDF statistics:
 99 PDF objects out of 1000 (max. 8388607)
 55 compressed objects within 1 object stream
 0 named destinations out of 1000 (max. 500000)
 31 words of extra memory for PDF output out of 10000 (max. 10000000)

